[debug] [2022-12-27T15:29:50.844Z] ----------------------------------------------------------------------
[debug] [2022-12-27T15:29:50.848Z] Command:       C:\Program Files\nodejs\node.exe C:\Users\Lenovo\AppData\Roaming\npm\node_modules\firebase-tools\lib\bin\firebase.js init
[debug] [2022-12-27T15:29:50.849Z] CLI Version:   11.19.0
[debug] [2022-12-27T15:29:50.849Z] Platform:      win32
[debug] [2022-12-27T15:29:50.849Z] Node Version:  v18.12.1
[debug] [2022-12-27T15:29:50.851Z] Time:          Tue Dec 27 2022 12:29:50 GMT-0300 (hora estándar de Argentina)
[debug] [2022-12-27T15:29:50.851Z] ----------------------------------------------------------------------
[debug] 
[debug] [2022-12-27T15:29:50.866Z] > command requires scopes: ["email","openid","https://www.googleapis.com/auth/cloudplatformprojects.readonly","https://www.googleapis.com/auth/firebase","https://www.googleapis.com/auth/cloud-platform"]
[debug] [2022-12-27T15:29:50.867Z] > authorizing via signed-in user (franciscojburgoa@gmail.com)
[info] 
     ######## #### ########  ######## ########     ###     ######  ########
     ##        ##  ##     ## ##       ##     ##  ##   ##  ##       ##
     ######    ##  ########  ######   ########  #########  ######  ######
     ##        ##  ##    ##  ##       ##     ## ##     ##       ## ##
     ##       #### ##     ## ######## ########  ##     ##  ######  ########

You're about to initialize a Firebase project in this directory:

  C:\Users\Lenovo\Desktop\apx dwf\m8\desafio-final-m8

[info] 
=== Project Setup
[info] 
[info] First, let's associate this project directory with a Firebase project.
[info] You can create multiple project aliases by running firebase use --add, 
[info] but for now we'll just set up a default project.
[info] 
[debug] [2022-12-27T15:31:23.670Z] >>> [apiv2][query] GET https://firebase.googleapis.com/v1beta1/projects pageSize=100
[debug] [2022-12-27T15:31:24.524Z] <<< [apiv2][status] GET https://firebase.googleapis.com/v1beta1/projects 200
[debug] [2022-12-27T15:31:24.524Z] <<< [apiv2][body] GET https://firebase.googleapis.com/v1beta1/projects [omitted]
[info] i  Using project desafio-m8-apx (desafio-m8-apx) 
[info] 
=== Hosting Setup
[info] 
[info] Your public directory is the folder (relative to your project directory) that
[info] will contain Hosting assets to be uploaded with firebase deploy. If you
[info] have a build process for your assets, use your build's output directory.
[info] 
[debug] [2022-12-27T15:34:18.789Z] >>> [apiv2][query] GET https://www.gstatic.com/firebasejs/releases.json [none]
[debug] [2022-12-27T15:34:19.007Z] <<< [apiv2][status] GET https://www.gstatic.com/firebasejs/releases.json 200
[debug] [2022-12-27T15:34:19.008Z] <<< [apiv2][body] GET https://www.gstatic.com/firebasejs/releases.json {"current":{"version":"9.15.0","browserURL":"https://www.gstatic.com/firebasejs/9.15.0/firebase.js","packageURL":"https://www.gstatic.com/firebasejs/9.15.0/firebase.tgz"},"live":{"version":"9.15","browserURL":"https://www.gstatic.com/firebasejs/live/9.15/firebase.js","packageURL":"https://www.gstatic.com/firebasejs/live/9.15/firebase.tgz"},"components":{"analytics":"https://www.gstatic.com/firebasejs/9.15.0/firebase-analytics.js","app":"https://www.gstatic.com/firebasejs/9.15.0/firebase-app.js","app-check":"https://www.gstatic.com/firebasejs/9.15.0/firebase-app-check.js","auth":"https://www.gstatic.com/firebasejs/9.15.0/firebase-auth.js","auth/cordova":"https://www.gstatic.com/firebasejs/9.15.0/firebase-auth/cordova.js","auth/react-native":"https://www.gstatic.com/firebasejs/9.15.0/firebase-auth/react-native.js","functions":"https://www.gstatic.com/firebasejs/9.15.0/firebase-functions.js","firestore":"https://www.gstatic.com/firebasejs/9.15.0/firebase-firestore.js","firestore/lite":"https://www.gstatic.com/firebasejs/9.15.0/firebase-firestore/lite.js","installations":"https://www.gstatic.com/firebasejs/9.15.0/firebase-installations.js","storage":"https://www.gstatic.com/firebasejs/9.15.0/firebase-storage.js","performance":"https://www.gstatic.com/firebasejs/9.15.0/firebase-performance.js","remote-config":"https://www.gstatic.com/firebasejs/9.15.0/firebase-remote-config.js","messaging":"https://www.gstatic.com/firebasejs/9.15.0/firebase-messaging.js","messaging/sw":"https://www.gstatic.com/firebasejs/9.15.0/firebase-messaging/sw.js","database":"https://www.gstatic.com/firebasejs/9.15.0/firebase-database.js","firestore.memory":"https://www.gstatic.com/firebasejs/9.15.0/firebase-firestore.memory.js"}}
[info] i  Skipping write of ./index.html 
[info] 
[info] i  Didn't detect a .git folder. Assuming C:\Users\Lenovo\Desktop\apx dwf\m8\desafio-final-m8 is the project root. 
[info] i  Authorizing with GitHub to upload your service account to a GitHub repository's secrets store. 
[info] 
[info] Visit this URL on this device to log in:
[info] https://github.com/login/oauth/authorize?client_id=89cf50f02ac6aaed3484&state=972309233&redirect_uri=http%3A%2F%2Flocalhost%3A9005&scope=read%3Auser%20repo%20public_repo
[info] 
[info] Waiting for authentication...
[debug] [2022-12-27T15:34:52.515Z] >>> [apiv2][query] POST https://github.com/login/oauth/access_token [none]
[debug] [2022-12-27T15:34:52.515Z] >>> [apiv2][body] POST https://github.com/login/oauth/access_token [stream]
[debug] [2022-12-27T15:34:53.150Z] <<< [apiv2][status] POST https://github.com/login/oauth/access_token 200
[debug] [2022-12-27T15:34:53.151Z] <<< [apiv2][body] POST https://github.com/login/oauth/access_token {"access_token":"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","token_type":"bearer","scope":"read:user,repo"}
[debug] [2022-12-27T15:34:53.176Z] >>> [apiv2][query] GET https://api.github.com/user [none]
[debug] [2022-12-27T15:34:54.029Z] <<< [apiv2][status] GET https://api.github.com/user 200
[debug] [2022-12-27T15:34:54.029Z] <<< [apiv2][body] GET https://api.github.com/user {"login":"Francisco-B07","id":81758015,"node_id":"MDQ6VXNlcjgxNzU4MDE1","avatar_url":"https://avatars.githubusercontent.com/u/81758015?v=4","gravatar_id":"","url":"https://api.github.com/users/Francisco-B07","html_url":"https://github.com/Francisco-B07","followers_url":"https://api.github.com/users/Francisco-B07/followers","following_url":"https://api.github.com/users/Francisco-B07/following{/other_user}","gists_url":"https://api.github.com/users/Francisco-B07/gists{/gist_id}","starred_url":"https://api.github.com/users/Francisco-B07/starred{/owner}{/repo}","subscriptions_url":"https://api.github.com/users/Francisco-B07/subscriptions","organizations_url":"https://api.github.com/users/Francisco-B07/orgs","repos_url":"https://api.github.com/users/Francisco-B07/repos","events_url":"https://api.github.com/users/Francisco-B07/events{/privacy}","received_events_url":"https://api.github.com/users/Francisco-B07/received_events","type":"User","site_admin":false,"name":"Francisco Burgoa","company":null,"blog":"https://portfolio-burgoa-francisco.vercel.app/","location":"San Juan, Argentina","email":null,"hireable":null,"bio":"Comencé aprendiendo sobre el desarrollo web en Argentina Programa.\r\nLuego me inscribi en APX donde pude ampliar mi conocimiento en HTML, CSS y JS. ","twitter_username":null,"public_repos":22,"public_gists":0,"followers":0,"following":0,"created_at":"2021-04-01T12:59:48Z","updated_at":"2022-11-16T20:58:07Z","private_gists":3,"total_private_repos":7,"owned_private_repos":7,"disk_usage":16993,"collaborators":0,"two_factor_authentication":false,"plan":{"name":"free","space":976562499,"collaborators":0,"private_repos":10000}}
[info] 
[info] +  Success! Logged into GitHub as Francisco-B07 
[info] 
